<?xml version="1.0" encoding="UTF-8"?>
<!-- Generated by org.testng.reporters.JUnitReportReporter -->
<testsuite skipped="0" hostname="DESKTOP-H21MM63" name="GuruSchools.GuruSchools_Maven.TestNGDemo1" tests="1" failures="0" timestamp="30 Jul 2021 02:05:44 GMT" time="2.929" errors="0">
  <testcase name="google" time="2.929" classname="GuruSchools.GuruSchools_Maven.TestNGDemo1"/>
</testsuite> <!-- GuruSchools.GuruSchools_Maven.TestNGDemo1 -->
