<?xml version="1.0" encoding="UTF-8"?>
<!-- Generated by org.testng.reporters.JUnitReportReporter -->
<testsuite skipped="0" hostname="DESKTOP-H21MM63" name="GuruSchools.GuruSchools_Maven.TestNGDemo2" tests="3" failures="0" timestamp="30 Jul 2021 01:50:17 GMT" time="0.066" errors="0">
  <testcase name="vegitable" time="0.004" classname="GuruSchools.GuruSchools_Maven.TestNGDemo2"/>
  <testcase name="Animal" time="0.002" classname="GuruSchools.GuruSchools_Maven.TestNGDemo2"/>
  <testcase name="TC1" time="0.060" classname="GuruSchools.GuruSchools_Maven.TestNGDemo2"/>
</testsuite> <!-- GuruSchools.GuruSchools_Maven.TestNGDemo2 -->
