<?xml version="1.0" encoding="UTF-8"?>
<!-- Generated by org.testng.reporters.JUnitReportReporter -->
<testsuite skipped="0" hostname="DESKTOP-H21MM63" name="GuruSchools.GuruSchools_Maven.TestNGTCs" tests="4" failures="0" timestamp="28 Jul 2021 02:40:39 GMT" time="0.039" errors="0">
  <testcase name="multiplication" time="0.010" classname="GuruSchools.GuruSchools_Maven.TestNGTCs"/>
  <testcase name="division" time="0.008" classname="GuruSchools.GuruSchools_Maven.TestNGTCs"/>
  <testcase name="addition" time="0.017" classname="GuruSchools.GuruSchools_Maven.TestNGTCs"/>
  <testcase name="subtraction" time="0.004" classname="GuruSchools.GuruSchools_Maven.TestNGTCs"/>
</testsuite> <!-- GuruSchools.GuruSchools_Maven.TestNGTCs -->
