<?xml version="1.0" encoding="UTF-8"?>
<!-- Generated by org.testng.reporters.JUnitReportReporter -->
<testsuite skipped="0" hostname="DESKTOP-H21MM63" name="GuruSchools.GuruSchools_Maven.TestNGDemo1" tests="2" failures="0" timestamp="6 Aug 2021 01:11:19 GMT" time="9.930" errors="0">
  <testcase name="google" time="3.222" classname="GuruSchools.GuruSchools_Maven.TestNGDemo1"/>
  <testcase name="zmavenRepository" time="6.708" classname="GuruSchools.GuruSchools_Maven.TestNGDemo1"/>
</testsuite> <!-- GuruSchools.GuruSchools_Maven.TestNGDemo1 -->
