<?xml version="1.0" encoding="UTF-8"?>
<!-- Generated by org.testng.reporters.JUnitReportReporter -->
<testsuite skipped="0" hostname="DESKTOP-H21MM63" name="GuruSchools.GuruSchools_Maven.TestNGDemo1" tests="2" failures="0" timestamp="6 Aug 2021 02:04:04 GMT" time="15.832" errors="0">
  <testcase name="zmavenRepository" time="4.884" classname="GuruSchools.GuruSchools_Maven.TestNGDemo1"/>
  <testcase name="google" time="10.948" classname="GuruSchools.GuruSchools_Maven.TestNGDemo1"/>
</testsuite> <!-- GuruSchools.GuruSchools_Maven.TestNGDemo1 -->
