<?xml version="1.0" encoding="UTF-8"?>
<!-- Generated by org.testng.reporters.JUnitReportReporter -->
<testsuite skipped="0" hostname="DESKTOP-H21MM63" name="GuruSchools.GuruSchools_Maven.TestNGDemo1" tests="2" failures="0" timestamp="30 Jul 2021 01:39:00 GMT" time="7.524" errors="0">
  <testcase name="spiceJet" time="2.523" classname="GuruSchools.GuruSchools_Maven.TestNGDemo1"/>
  <testcase name="zmavenRepository" time="5.001" classname="GuruSchools.GuruSchools_Maven.TestNGDemo1"/>
</testsuite> <!-- GuruSchools.GuruSchools_Maven.TestNGDemo1 -->
